[debug] [2018-02-28T23:19:01.384Z] ----------------------------------------------------------------------
[debug] [2018-02-28T23:19:01.387Z] Command:       /usr/local/Cellar/node/7.6.0/bin/node /usr/local/bin/firebase deploy
[debug] [2018-02-28T23:19:01.388Z] CLI Version:   3.16.0
[debug] [2018-02-28T23:19:01.388Z] Platform:      darwin
[debug] [2018-02-28T23:19:01.388Z] Node Version:  v7.6.0
[debug] [2018-02-28T23:19:01.388Z] Time:          Wed Feb 28 2018 15:19:01 GMT-0800 (PST)
[debug] [2018-02-28T23:19:01.388Z] ----------------------------------------------------------------------
[debug] 
[debug] [2018-02-28T23:19:01.408Z] > command requires scopes: ["email","openid","https://www.googleapis.com/auth/cloudplatformprojects.readonly","https://www.googleapis.com/auth/firebase","https://www.googleapis.com/auth/cloud-platform"]
[debug] [2018-02-28T23:19:01.408Z] > authorizing via signed-in user
[debug] [2018-02-28T23:19:01.411Z] >>> HTTP REQUEST GET https://admin.firebase.com/v1/projects/raag2-2568b  
  
 Wed Feb 28 2018 15:19:01 GMT-0800 (PST)
[debug] [2018-02-28T23:19:01.963Z] <<< HTTP RESPONSE 200
[debug] [2018-02-28T23:19:01.964Z] >>> HTTP REQUEST GET https://admin.firebase.com/v1/database/raag2-2568b/tokens  
  
 Wed Feb 28 2018 15:19:01 GMT-0800 (PST)
[debug] [2018-02-28T23:19:02.369Z] <<< HTTP RESPONSE 200
[info] 
[info] === Deploying to 'raag2-2568b'...
[info] 
[info] i  deploying database, hosting
[info] i  database: checking rules syntax...
[debug] [2018-02-28T23:19:02.927Z] >>> HTTP REQUEST PUT https://raag2-2568b.firebaseio.com/.settings/rules.json?dryRun=true  
 {
  "rules": {
    ".read": "auth != null",
    ".write": "auth != null"
  }
}
 
 Wed Feb 28 2018 15:19:02 GMT-0800 (PST)
[debug] [2018-02-28T23:19:03.369Z] <<< HTTP RESPONSE 200
[info] ✔  database: rules syntax for database raag2-2568b is valid
[info] i  hosting: preparing public directory for upload...
[debug] [2018-02-28T23:19:04.896Z] >>> HTTP REQUEST PUT https://deploy.firebase.com/v1/hosting/raag2-2568b/uploads/-L6ThZTTyhag3yplwbh6?fileCount=26&message=  
  
 Wed Feb 28 2018 15:19:04 GMT-0800 (PST)
